D:\MY DOCUMENTS\GITHUB\QUAD-PONG\TEMP\DEBUG\MAIN.OBJ
D:\MY DOCUMENTS\GITHUB\QUAD-PONG\TEMP\DEBUG\VC110.PDB
D:\MY DOCUMENTS\GITHUB\QUAD-PONG\TEMP\QUADPONGWIN32DEBUG.ILK
D:\MY DOCUMENTS\GITHUB\QUAD-PONG\TEMP\QUADPONGWIN32DEBUG.EXE
D:\MY DOCUMENTS\GITHUB\QUAD-PONG\TEMP\QUADPONGWIN32DEBUG.PDB
D:\My Documents\Github\Quad-Pong\Temp\Debug\main.obj
D:\My Documents\Github\Quad-Pong\Temp\Debug\cl.command.1.tlog
D:\My Documents\Github\Quad-Pong\Temp\Debug\CL.read.1.tlog
D:\My Documents\Github\Quad-Pong\Temp\Debug\CL.write.1.tlog
D:\My Documents\Github\Quad-Pong\Temp\Debug\link-cvtres.read.1.tlog
D:\My Documents\Github\Quad-Pong\Temp\Debug\link-cvtres.write.1.tlog
D:\My Documents\Github\Quad-Pong\Temp\Debug\link-rc.read.1.tlog
D:\My Documents\Github\Quad-Pong\Temp\Debug\link-rc.write.1.tlog
D:\My Documents\Github\Quad-Pong\Temp\Debug\link.command.1.tlog
D:\My Documents\Github\Quad-Pong\Temp\Debug\link.read.1.tlog
D:\My Documents\Github\Quad-Pong\Temp\Debug\link.write.1.tlog
D:\My Documents\Github\Quad-Pong\Temp\Debug\vc110.idb
D:\My Documents\Github\Quad-Pong\Temp\Debug\vc110.pdb
D:\My Documents\Github\Quad-Pong\Source\\..\Temp\QuadPongWin32Debug.pdb
D:\My Documents\Github\Quad-Pong\Source\\..\Temp\QuadPongWin32Debug.exe
D:\My Documents\Github\Quad-Pong\Source\\..\Temp\QuadPongWin32Debug.ilk
